<?xml version="1.0" encoding="UTF-8"?>
<testng-results skipped="0" failed="0" ignored="0" total="1" passed="1">
  <reporter-output>
  </reporter-output>
  <suite name="Default suite" duration-ms="11712" started-at="2017-05-27T03:37:15Z" finished-at="2017-05-27T03:37:27Z">
    <groups>
    </groups>
    <test name="Default test" duration-ms="11712" started-at="2017-05-27T03:37:15Z" finished-at="2017-05-27T03:37:27Z">
      <class name="base.Launchtest">
        <test-method status="PASS" signature="launch()[pri:0, instance:base.Launchtest@475530b9]" name="launch" duration-ms="11678" started-at="2017-05-27T09:07:15Z" finished-at="2017-05-27T09:07:27Z">
          <reporter-output>
          </reporter-output>
        </test-method> <!-- launch -->
      </class> <!-- base.Launchtest -->
    </test> <!-- Default test -->
  </suite> <!-- Default suite -->
</testng-results>
